0 info it worked if it ends with ok
1 verbose cli [ '/usr/local/bin/node', '/usr/local/bin/npm', 'init' ]
2 info using npm@3.8.3
3 info using node@v5.10.0
4 silly package data { name: 'electric-or-not',
4 silly package data   version: '0.0.0',
4 silly package data   private: true,
4 silly package data   scripts: { start: 'node ./bin/www' },
4 silly package data   dependencies:
4 silly package data    { 'body-parser': '~1.13.2',
4 silly package data      connect: '^3.4.1',
4 silly package data      'cookie-parser': '~1.3.5',
4 silly package data      debug: '~2.2.0',
4 silly package data      ejs: '^2.4.1',
4 silly package data      express: '~4.13.1',
4 silly package data      jade: '~1.11.0',
4 silly package data      mongodb: '^2.1.16',
4 silly package data      morgan: '~1.6.1',
4 silly package data      'serve-favicon': '~2.3.0',
4 silly package data      'serve-static': '^1.10.2' },
4 silly package data   description: '###This app is built on Express.js in node.js and uses Mongo DB.  It shows the users an electric car and the user votes on whether or not the think it is an electric vehicle.  The vote is stored so they can see all votes for any car.',
4 silly package data   main: 'app.js',
4 silly package data   devDependencies: {},
4 silly package data   repository:
4 silly package data    { type: 'git',
4 silly package data      url: 'git+https://github.com/jeremyhilliard14/electric-or-not.git' },
4 silly package data   author: '',
4 silly package data   license: 'ISC',
4 silly package data   bugs: { url: 'https://github.com/jeremyhilliard14/electric-or-not/issues' },
4 silly package data   homepage: 'https://github.com/jeremyhilliard14/electric-or-not#readme' }
5 info init written successfully
6 verbose stack Error: EACCES: permission denied, open '/Users/jeremyhilliard14/Desktop/DigitalCrafts/Unit3/electric-or-not/package.json'
6 verbose stack     at Error (native)
7 verbose cwd /Users/jeremyhilliard14/Desktop/DigitalCrafts/Unit3/electric-or-not
8 error Darwin 15.4.0
9 error argv "/usr/local/bin/node" "/usr/local/bin/npm" "init"
10 error node v5.10.0
11 error npm  v3.8.3
12 error path /Users/jeremyhilliard14/Desktop/DigitalCrafts/Unit3/electric-or-not/package.json
13 error code EACCES
14 error errno -13
15 error syscall open
16 error Error: EACCES: permission denied, open '/Users/jeremyhilliard14/Desktop/DigitalCrafts/Unit3/electric-or-not/package.json'
16 error     at Error (native)
16 error  { [Error: EACCES: permission denied, open '/Users/jeremyhilliard14/Desktop/DigitalCrafts/Unit3/electric-or-not/package.json']
16 error   errno: -13,
16 error   code: 'EACCES',
16 error   syscall: 'open',
16 error   path: '/Users/jeremyhilliard14/Desktop/DigitalCrafts/Unit3/electric-or-not/package.json' }
17 error Please try running this command again as root/Administrator.
18 verbose exit [ -13, true ]
